<?xml version="1.0" encoding="UTF-8"?>
<testng-results ignored="0" total="1" passed="1" failed="0" skipped="0">
  <reporter-output>
  </reporter-output>
  <suite started-at="2026-06-06T14:36:03 IST" name="Default suite" finished-at="2026-06-06T14:36:14 IST" duration-ms="11351">
    <groups>
    </groups>
    <test started-at="2026-06-06T14:36:03 IST" name="Default test" finished-at="2026-06-06T14:36:14 IST" duration-ms="11351">
      <class name="tests.LoginTest">
        <test-method is-config="true" signature="setup()[pri:0, instance:tests.LoginTest@537f60bf]" started-at="2026-06-06T14:36:03 IST" name="setup" finished-at="2026-06-06T14:36:04 IST" duration-ms="1890" status="PASS">
          <reporter-output>
          </reporter-output>
        </test-method> <!-- setup -->
        <test-method signature="loginTest()[pri:0, instance:tests.LoginTest@537f60bf]" started-at="2026-06-06T14:36:04 IST" name="loginTest" finished-at="2026-06-06T14:36:14 IST" duration-ms="9412" status="PASS">
          <reporter-output>
          </reporter-output>
        </test-method> <!-- loginTest -->
        <test-method is-config="true" signature="close()[pri:0, instance:tests.LoginTest@537f60bf]" started-at="2026-06-06T14:36:14 IST" name="close" finished-at="2026-06-06T14:36:14 IST" duration-ms="0" status="PASS">
          <reporter-output>
          </reporter-output>
        </test-method> <!-- close -->
      </class> <!-- tests.LoginTest -->
    </test> <!-- Default test -->
  </suite> <!-- Default suite -->
</testng-results>
