<?xml version="1.0" encoding="UTF-8"?>
<testng-results ignored="0" total="1" passed="1" failed="0" skipped="0">
  <reporter-output>
  </reporter-output>
  <suite started-at="2026-05-29T11:28:43 IST" name="Default suite" finished-at="2026-05-29T11:28:49 IST" duration-ms="5371">
    <groups>
    </groups>
    <test started-at="2026-05-29T11:28:43 IST" name="Default test" finished-at="2026-05-29T11:28:49 IST" duration-ms="5371">
      <class name="tests.LoginTest">
        <test-method is-config="true" signature="setup()[pri:0, instance:tests.LoginTest@537f60bf]" started-at="2026-05-29T11:28:43 IST" name="setup" finished-at="2026-05-29T11:28:48 IST" duration-ms="4784" status="PASS">
          <reporter-output>
          </reporter-output>
        </test-method> <!-- setup -->
        <test-method signature="loginTest()[pri:0, instance:tests.LoginTest@537f60bf]" started-at="2026-05-29T11:28:48 IST" name="loginTest" finished-at="2026-05-29T11:28:49 IST" duration-ms="529" status="PASS">
          <reporter-output>
          </reporter-output>
        </test-method> <!-- loginTest -->
        <test-method is-config="true" signature="close()[pri:0, instance:tests.LoginTest@537f60bf]" started-at="2026-05-29T11:28:49 IST" name="close" finished-at="2026-05-29T11:28:49 IST" duration-ms="0" status="PASS">
          <reporter-output>
          </reporter-output>
        </test-method> <!-- close -->
      </class> <!-- tests.LoginTest -->
    </test> <!-- Default test -->
  </suite> <!-- Default suite -->
</testng-results>
